[32m[Nest] 51355  - [39m01/25/2026, 11:11:11 PM [32m    LOG[39m [38;5;3m[NestFactory] [39m[32mStarting Nest application...[39m
[32m[Nest] 51355  - [39m01/25/2026, 11:11:11 PM [32m    LOG[39m [38;5;3m[InstanceLoader] [39m[32mPrismaModule dependencies initialized[39m[38;5;3m +153ms[39m
[32m[Nest] 51355  - [39m01/25/2026, 11:11:11 PM [32m    LOG[39m [38;5;3m[InstanceLoader] [39m[32mJwtModule dependencies initialized[39m[38;5;3m +4ms[39m
[32m[Nest] 51355  - [39m01/25/2026, 11:11:11 PM [32m    LOG[39m [38;5;3m[InstanceLoader] [39m[32mAppModule dependencies initialized[39m[38;5;3m +4ms[39m
[32m[Nest] 51355  - [39m01/25/2026, 11:11:11 PM [32m    LOG[39m [38;5;3m[InstanceLoader] [39m[32mServeStaticModule dependencies initialized[39m[38;5;3m +1ms[39m
[32m[Nest] 51355  - [39m01/25/2026, 11:11:11 PM [32m    LOG[39m [38;5;3m[InstanceLoader] [39m[32mAuthModule dependencies initialized[39m[38;5;3m +2ms[39m
[32m[Nest] 51355  - [39m01/25/2026, 11:11:11 PM [32m    LOG[39m [38;5;3m[InstanceLoader] [39m[32mUsersModule dependencies initialized[39m[38;5;3m +6ms[39m
[32m[Nest] 51355  - [39m01/25/2026, 11:11:11 PM [32m    LOG[39m [38;5;3m[InstanceLoader] [39m[32mFinanceModule dependencies initialized[39m[38;5;3m +1ms[39m
[32m[Nest] 51355  - [39m01/25/2026, 11:11:11 PM [32m    LOG[39m [38;5;3m[InstanceLoader] [39m[32mEventsModule dependencies initialized[39m[38;5;3m +1ms[39m
[32m[Nest] 51355  - [39m01/25/2026, 11:11:11 PM [32m    LOG[39m [38;5;3m[InstanceLoader] [39m[32mDocumentsModule dependencies initialized[39m[38;5;3m +0ms[39m
[32m[Nest] 51355  - [39m01/25/2026, 11:11:11 PM [32m    LOG[39m [38;5;3m[RoutesResolver] [39m[32mAppController {/api}:[39m[38;5;3m +36ms[39m
[32m[Nest] 51355  - [39m01/25/2026, 11:11:11 PM [32m    LOG[39m [38;5;3m[RouterExplorer] [39m[32mMapped {/api, GET} route[39m[38;5;3m +26ms[39m
[32m[Nest] 51355  - [39m01/25/2026, 11:11:11 PM [32m    LOG[39m [38;5;3m[RoutesResolver] [39m[32mAuthController {/api/auth}:[39m[38;5;3m +0ms[39m
[32m[Nest] 51355  - [39m01/25/2026, 11:11:11 PM [32m    LOG[39m [38;5;3m[RouterExplorer] [39m[32mMapped {/api/auth/register, POST} route[39m[38;5;3m +4ms[39m
[32m[Nest] 51355  - [39m01/25/2026, 11:11:11 PM [32m    LOG[39m [38;5;3m[RouterExplorer] [39m[32mMapped {/api/auth/login, POST} route[39m[38;5;3m +2ms[39m
[32m[Nest] 51355  - [39m01/25/2026, 11:11:11 PM [32m    LOG[39m [38;5;3m[RoutesResolver] [39m[32mUsersController {/api/users}:[39m[38;5;3m +1ms[39m
[32m[Nest] 51355  - [39m01/25/2026, 11:11:11 PM [32m    LOG[39m [38;5;3m[RouterExplorer] [39m[32mMapped {/api/users, GET} route[39m[38;5;3m +4ms[39m
[32m[Nest] 51355  - [39m01/25/2026, 11:11:11 PM [32m    LOG[39m [38;5;3m[RouterExplorer] [39m[32mMapped {/api/users/:id, GET} route[39m[38;5;3m +4ms[39m
[32m[Nest] 51355  - [39m01/25/2026, 11:11:11 PM [32m    LOG[39m [38;5;3m[RouterExplorer] [39m[32mMapped {/api/users, POST} route[39m[38;5;3m +1ms[39m
[32m[Nest] 51355  - [39m01/25/2026, 11:11:11 PM [32m    LOG[39m [38;5;3m[RouterExplorer] [39m[32mMapped {/api/users/:id, PATCH} route[39m[38;5;3m +2ms[39m
[32m[Nest] 51355  - [39m01/25/2026, 11:11:11 PM [32m    LOG[39m [38;5;3m[RouterExplorer] [39m[32mMapped {/api/users/:id, DELETE} route[39m[38;5;3m +2ms[39m
[32m[Nest] 51355  - [39m01/25/2026, 11:11:11 PM [32m    LOG[39m [38;5;3m[RoutesResolver] [39m[32mFinanceController {/api/finance}:[39m[38;5;3m +0ms[39m
[32m[Nest] 51355  - [39m01/25/2026, 11:11:11 PM [32m    LOG[39m [38;5;3m[RouterExplorer] [39m[32mMapped {/api/finance/stats, GET} route[39m[38;5;3m +8ms[39m
[32m[Nest] 51355  - [39m01/25/2026, 11:11:11 PM [32m    LOG[39m [38;5;3m[RouterExplorer] [39m[32mMapped {/api/finance/campaigns, GET} route[39m[38;5;3m +3ms[39m
[32m[Nest] 51355  - [39m01/25/2026, 11:11:11 PM [32m    LOG[39m [38;5;3m[RouterExplorer] [39m[32mMapped {/api/finance/campaigns, POST} route[39m[38;5;3m +3ms[39m
[32m[Nest] 51355  - [39m01/25/2026, 11:11:11 PM [32m    LOG[39m [38;5;3m[RouterExplorer] [39m[32mMapped {/api/finance/campaigns/:id, GET} route[39m[38;5;3m +2ms[39m
[32m[Nest] 51355  - [39m01/25/2026, 11:11:11 PM [32m    LOG[39m [38;5;3m[RouterExplorer] [39m[32mMapped {/api/finance/fees/:id/pay, PATCH} route[39m[38;5;3m +1ms[39m
[32m[Nest] 51355  - [39m01/25/2026, 11:11:11 PM [32m    LOG[39m [38;5;3m[RoutesResolver] [39m[32mEventsController {/api/events}:[39m[38;5;3m +1ms[39m
[32m[Nest] 51355  - [39m01/25/2026, 11:11:11 PM [32m    LOG[39m [38;5;3m[RouterExplorer] [39m[32mMapped {/api/events, GET} route[39m[38;5;3m +1ms[39m
[32m[Nest] 51355  - [39m01/25/2026, 11:11:11 PM [32m    LOG[39m [38;5;3m[RouterExplorer] [39m[32mMapped {/api/events/:id, GET} route[39m[38;5;3m +2ms[39m
[32m[Nest] 51355  - [39m01/25/2026, 11:11:11 PM [32m    LOG[39m [38;5;3m[RouterExplorer] [39m[32mMapped {/api/events, POST} route[39m[38;5;3m +1ms[39m
[32m[Nest] 51355  - [39m01/25/2026, 11:11:11 PM [32m    LOG[39m [38;5;3m[RouterExplorer] [39m[32mMapped {/api/events/:id/convocation, POST} route[39m[38;5;3m +1ms[39m
[32m[Nest] 51355  - [39m01/25/2026, 11:11:11 PM [32m    LOG[39m [38;5;3m[RoutesResolver] [39m[32mDocumentsController {/api/documents}:[39m[38;5;3m +1ms[39m
[32m[Nest] 51355  - [39m01/25/2026, 11:11:11 PM [32m    LOG[39m [38;5;3m[RouterExplorer] [39m[32mMapped {/api/documents, GET} route[39m[38;5;3m +2ms[39m
[32m[Nest] 51355  - [39m01/25/2026, 11:11:11 PM [32m    LOG[39m [38;5;3m[RouterExplorer] [39m[32mMapped {/api/documents/upload, POST} route[39m[38;5;3m +4ms[39m
[32m[Nest] 51355  - [39m01/25/2026, 11:11:11 PM [32m    LOG[39m [38;5;3m[RouterExplorer] [39m[32mMapped {/api/documents/:id, DELETE} route[39m[38;5;3m +7ms[39m
PrismaService: Connecting to SQLite database...
PrismaService: Successfully connected to SQLite.
[32m[Nest] 51355  - [39m01/25/2026, 11:11:11 PM [32m    LOG[39m [38;5;3m[NestApplication] [39m[32mNest application successfully started[39m[38;5;3m +421ms[39m
[32m[Nest] 51355  - [39m01/25/2026, 11:11:11 PM [32m    LOG[39m [32m🚀 Application is running on: http://localhost:3001/api[39m
Creating event: {
  associationId: 'asso-dev-id',
  dto: { title: 'Test AG', startDate: '2026-05-15T10:00:00Z' }
}
Creating event: { associationId: 'asso-dev-id', dto: { title: 'Failing AG' } }
Prisma Create Event Error: PrismaClientValidationError: 
Invalid `this.prisma.event.create()` invocation in
/Users/user/Documents/DEVELOPPEMENTS/Projets/Assohub/assohub/dist/apps/backend/main.js:1057:44

  1054 async create(associationId, dto) {
  1055     console.log('Creating event:', { associationId, dto });
  1056     try {
→ 1057         return await this.prisma.event.create({
                 data: {
                   title: "Failing AG",
                   description: undefined,
                   location: undefined,
                   start_date: new Date("Invalid Date"),
                               ~~~~~~~~~~~~~~~~~~~~~~~~
                   end_date: null,
                   is_paid: false,
                   price: 0,
                   associationId: "asso-dev-id"
                 }
               })

Invalid value for argument `start_date`: Provided Date object is invalid. Expected Date.
    at tr (/Users/user/Documents/DEVELOPPEMENTS/Projets/Assohub/assohub/node_modules/@prisma/client/runtime/client.js:10:1379)
    at e.throwValidationError (/Users/user/Documents/DEVELOPPEMENTS/Projets/Assohub/assohub/node_modules/@prisma/client/runtime/client.js:10:10132)
    at mo (/Users/user/Documents/DEVELOPPEMENTS/Projets/Assohub/assohub/node_modules/@prisma/client/runtime/client.js:10:7521)
    at fo (/Users/user/Documents/DEVELOPPEMENTS/Projets/Assohub/assohub/node_modules/@prisma/client/runtime/client.js:10:8823)
    at mo (/Users/user/Documents/DEVELOPPEMENTS/Projets/Assohub/assohub/node_modules/@prisma/client/runtime/client.js:10:8355)
    at fo (/Users/user/Documents/DEVELOPPEMENTS/Projets/Assohub/assohub/node_modules/@prisma/client/runtime/client.js:10:8823)
    at mt (/Users/user/Documents/DEVELOPPEMENTS/Projets/Assohub/assohub/node_modules/@prisma/client/runtime/client.js:10:5882)
    at or (/Users/user/Documents/DEVELOPPEMENTS/Projets/Assohub/assohub/node_modules/@prisma/client/runtime/client.js:10:5784)
    at /Users/user/Documents/DEVELOPPEMENTS/Projets/Assohub/assohub/node_modules/@prisma/client/runtime/client.js:75:6369
    at Object.runInChildSpan (/Users/user/Documents/DEVELOPPEMENTS/Projets/Assohub/assohub/node_modules/@prisma/client/runtime/client.js:65:2516) {
  clientVersion: '7.2.0'
}
[31m[Nest] 51355  - [39m01/25/2026, 11:17:40 PM [31m  ERROR[39m [38;5;3m[ExceptionsHandler] [39mPrismaClientValidationError: 
Invalid `this.prisma.event.create()` invocation in
/Users/user/Documents/DEVELOPPEMENTS/Projets/Assohub/assohub/dist/apps/backend/main.js:1057:44

  1054 async create(associationId, dto) {
  1055     console.log('Creating event:', { associationId, dto });
  1056     try {
→ 1057         return await this.prisma.event.create({
                 data: {
                   title: "Failing AG",
                   description: undefined,
                   location: undefined,
                   start_date: new Date("Invalid Date"),
                               ~~~~~~~~~~~~~~~~~~~~~~~~
                   end_date: null,
                   is_paid: false,
                   price: 0,
                   associationId: "asso-dev-id"
                 }
               })

Invalid value for argument `start_date`: Provided Date object is invalid. Expected Date.
    at tr [90m(/Users/user/Documents/DEVELOPPEMENTS/Projets/Assohub/assohub/[39mnode_modules/[4m@prisma/client[24m/runtime/client.js:10:1379[90m)[39m
    at e.throwValidationError [90m(/Users/user/Documents/DEVELOPPEMENTS/Projets/Assohub/assohub/[39mnode_modules/[4m@prisma/client[24m/runtime/client.js:10:10132[90m)[39m
    at mo [90m(/Users/user/Documents/DEVELOPPEMENTS/Projets/Assohub/assohub/[39mnode_modules/[4m@prisma/client[24m/runtime/client.js:10:7521[90m)[39m
    at fo [90m(/Users/user/Documents/DEVELOPPEMENTS/Projets/Assohub/assohub/[39mnode_modules/[4m@prisma/client[24m/runtime/client.js:10:8823[90m)[39m
    at mo [90m(/Users/user/Documents/DEVELOPPEMENTS/Projets/Assohub/assohub/[39mnode_modules/[4m@prisma/client[24m/runtime/client.js:10:8355[90m)[39m
    at fo [90m(/Users/user/Documents/DEVELOPPEMENTS/Projets/Assohub/assohub/[39mnode_modules/[4m@prisma/client[24m/runtime/client.js:10:8823[90m)[39m
    at mt [90m(/Users/user/Documents/DEVELOPPEMENTS/Projets/Assohub/assohub/[39mnode_modules/[4m@prisma/client[24m/runtime/client.js:10:5882[90m)[39m
    at or [90m(/Users/user/Documents/DEVELOPPEMENTS/Projets/Assohub/assohub/[39mnode_modules/[4m@prisma/client[24m/runtime/client.js:10:5784[90m)[39m
    at [90m/Users/user/Documents/DEVELOPPEMENTS/Projets/Assohub/assohub/[39mnode_modules/[4m@prisma/client[24m/runtime/client.js:75:6369
    at Object.runInChildSpan [90m(/Users/user/Documents/DEVELOPPEMENTS/Projets/Assohub/assohub/[39mnode_modules/[4m@prisma/client[24m/runtime/client.js:65:2516[90m)[39m {
  clientVersion: [32m'7.2.0'[39m
}
Creating event: {
  associationId: 'asso-dev-id',
  dto: { title: 'Test Date Format', startDate: '2026-03-01T10:00' }
}
